<?xml version="1.0" encoding="UTF-8"?>
<!-- Generated by org.testng.reporters.JUnitReportReporter -->
<testsuite hostname="DESKTOP-6894EN5" failures="0" tests="1" name="hybrid.settings" time="83.260" errors="0" timestamp="2022-12-09T10:40:15 IST" skipped="0">
  <testcase classname="hybrid.settings" name="testcase1" time="83.260"/>
  <system-out/>
</testsuite> <!-- hybrid.settings -->
