<?xml version="1.0" encoding="UTF-8"?>
<!-- Generated by org.testng.reporters.JUnitReportReporter -->
<testsuite hostname="DESKTOP-6894EN5" failures="0" tests="3" name="testng.demo" time="0.040" errors="0" timestamp="2023-03-02T17:26:07 IST" skipped="0">
  <testcase classname="testng.demo" name="apple" time="0.012"/>
  <system-out/>
  <testcase classname="testng.demo" name="cherry" time="0.024"/>
  <system-out/>
  <testcase classname="testng.demo" name="mango" time="0.004"/>
  <system-out/>
</testsuite> <!-- testng.demo -->
