<?xml version="1.0" encoding="UTF-8"?>
<!-- Generated by org.testng.reporters.JUnitReportReporter -->
<testsuite hostname="DESKTOP-6894EN5" failures="0" tests="1" name="capabilities.capabilities" time="3.740" errors="0" timestamp="2022-12-01T20:15:48 IST" skipped="0">
  <testcase classname="capabilities.capabilities" name="testcase" time="3.740"/>
  <system-out/>
</testsuite> <!-- capabilities.capabilities -->
